<?xml version="1.0" encoding="UTF-8"?>
<!-- Generated by org.testng.reporters.JUnitReportReporter -->
<testsuite hostname="hp" failures="0" tests="1" name="asserts.WhyNotIfElse" time="0.007" errors="0" timestamp="2023-03-27T16:10:42 IST" skipped="0">
  <testcase classname="asserts.WhyNotIfElse" name="demo" time="0.007"/>
  <system-out/>
</testsuite> <!-- asserts.WhyNotIfElse -->
