<?xml version="1.0" encoding="UTF-8"?>
<!-- Generated by org.testng.reporters.JUnitReportReporter -->
<testsuite hostname="hp" failures="0" tests="1" name="distributedParallelExecution.Test3" time="0.021" errors="0" timestamp="2023-05-18T12:26:53 IST" skipped="0">
  <testcase classname="distributedParallelExecution.Test3" name="tc1" time="0.021"/>
  <system-out/>
</testsuite> <!-- distributedParallelExecution.Test3 -->
