<?xml version="1.0" encoding="UTF-8"?>
<!-- Generated by org.testng.reporters.JUnitReportReporter -->
<testsuite hostname="hp" failures="0" tests="7" name="testng.PriortizingTestCases" time="0.018" errors="0" timestamp="2023-03-29T12:14:34 IST" skipped="0">
  <testcase classname="testng.PriortizingTestCases" name="tc6" time="0.007"/>
  <system-out/>
  <testcase classname="testng.PriortizingTestCases" name="tc7" time="0.004"/>
  <system-out/>
  <testcase classname="testng.PriortizingTestCases" name="tc2" time="0.001"/>
  <system-out/>
  <testcase classname="testng.PriortizingTestCases" name="tc5" time="0.002"/>
  <system-out/>
  <testcase classname="testng.PriortizingTestCases" name="tc3" time="0.001"/>
  <system-out/>
  <testcase classname="testng.PriortizingTestCases" name="tc1" time="0.002"/>
  <system-out/>
  <testcase classname="testng.PriortizingTestCases" name="tc4" time="0.001"/>
  <system-out/>
</testsuite> <!-- testng.PriortizingTestCases -->
