<?xml version="1.0" encoding="UTF-8"?>
<!-- Generated by org.testng.reporters.JUnitReportReporter -->
<testsuite hostname="hp" failures="0" tests="1" name="asserts.SoftAssertPractice" time="0.013" errors="0" timestamp="2023-03-27T16:17:41 IST" skipped="0">
  <testcase classname="asserts.SoftAssertPractice" name="demo" time="0.013"/>
  <system-out/>
</testsuite> <!-- asserts.SoftAssertPractice -->
