<?xml version="1.0" encoding="UTF-8"?>
<!-- Generated by org.testng.reporters.JUnitReportReporter -->
<testsuite hostname="hp" failures="0" tests="1" name="batchexecution2.Test2" time="0.008" errors="0" timestamp="2023-03-27T15:44:07 IST" skipped="0">
  <testcase classname="batchexecution2.Test2" name="tc1" time="0.008"/>
  <system-out/>
</testsuite> <!-- batchexecution2.Test2 -->
