<?xml version="1.0" encoding="UTF-8"?>
<!-- Generated by org.testng.reporters.JUnitReportReporter -->
<testsuite hostname="hp" failures="0" tests="3" name="crossBrowserParallelExecution.Test2" time="26.560" errors="0" timestamp="2023-03-27T15:35:16 IST" skipped="0">
  <testcase classname="crossBrowserParallelExecution.Test2" name="test2" time="7.030"/>
  <system-out/>
  <testcase classname="crossBrowserParallelExecution.Test2" name="test2" time="8.418"/>
  <system-out/>
  <testcase classname="crossBrowserParallelExecution.Test2" name="test2" time="11.112"/>
  <system-out/>
</testsuite> <!-- crossBrowserParallelExecution.Test2 -->
