<?xml version="1.0" encoding="UTF-8"?>
<!-- Generated by org.testng.reporters.JUnitReportReporter -->
<testsuite hostname="hp" failures="0" tests="3" name="crossBrowserParallelExecution.Test1" time="39.531" errors="0" timestamp="2023-03-27T15:35:16 IST" skipped="0">
  <testcase classname="crossBrowserParallelExecution.Test1" name="test1" time="14.069"/>
  <system-out/>
  <testcase classname="crossBrowserParallelExecution.Test1" name="test1" time="10.492"/>
  <system-out/>
  <testcase classname="crossBrowserParallelExecution.Test1" name="test1" time="14.970"/>
  <system-out/>
</testsuite> <!-- crossBrowserParallelExecution.Test1 -->
