<?xml version="1.0" encoding="UTF-8"?>
<!-- Generated by org.testng.reporters.JUnitReportReporter -->
<testsuite hostname="hp" failures="0" tests="1" name="groupExecution.Test2" time="0.003" errors="0" timestamp="2023-05-19T10:57:58 IST" skipped="0">
  <testcase classname="groupExecution.Test2" name="tc1" time="0.003"/>
  <system-out/>
</testsuite> <!-- groupExecution.Test2 -->
