<?xml version="1.0" encoding="UTF-8"?>
<!-- Generated by org.testng.reporters.JUnitReportReporter -->
<testsuite hostname="hp" failures="0" tests="1" name="distributedParallelExecution.Test7" time="0.006" errors="0" timestamp="2023-05-18T12:26:53 IST" skipped="0">
  <testcase classname="distributedParallelExecution.Test7" name="tc1" time="0.006"/>
  <system-out/>
</testsuite> <!-- distributedParallelExecution.Test7 -->
