<?xml version="1.0" encoding="UTF-8"?>
<!-- Generated by org.testng.reporters.JUnitReportReporter -->
<testsuite hostname="hp" failures="0" tests="1" name="groupExecution.Test3" time="0.007" errors="0" timestamp="2023-05-19T10:57:58 IST" skipped="0">
  <testcase classname="groupExecution.Test3" name="tc2" time="0.007"/>
  <system-out/>
</testsuite> <!-- groupExecution.Test3 -->
