<?xml version="1.0" encoding="UTF-8"?>
<!-- Generated by org.testng.reporters.JUnitReportReporter -->
<testsuite hostname="hp" failures="0" tests="1" name="assignment.FlipKartMobilePrices" time="7.890" errors="0" timestamp="2023-03-26T01:19:42 IST" skipped="0">
  <testcase classname="assignment.FlipKartMobilePrices" name="writemobilepricestoexcel" time="7.890"/>
  <system-out/>
</testsuite> <!-- assignment.FlipKartMobilePrices -->
