<?xml version="1.0" encoding="UTF-8"?>
<!-- Generated by org.testng.reporters.JUnitReportReporter -->
<testsuite hostname="hp" failures="0" tests="3" name="testng.SampleTest" time="0.010" errors="0" timestamp="2023-05-12T10:48:33 IST" skipped="0">
  <testcase classname="testng.SampleTest" name="demotest" time="0.001"/>
  <system-out/>
  <testcase classname="testng.SampleTest" name="demotest" time="0.001"/>
  <system-out/>
  <testcase classname="testng.SampleTest" name="demotest" time="0.008"/>
  <system-out/>
</testsuite> <!-- testng.SampleTest -->
