<?xml version="1.0" encoding="UTF-8"?>
<!-- Generated by org.testng.reporters.JUnitReportReporter -->
<testsuite hostname="hp" failures="0" tests="1" name="distributedParallelExecution.Test4" time="0.014" errors="0" timestamp="2023-05-18T12:26:53 IST" skipped="0">
  <testcase classname="distributedParallelExecution.Test4" name="tc1" time="0.014"/>
  <system-out/>
</testsuite> <!-- distributedParallelExecution.Test4 -->
