<?xml version="1.0" encoding="UTF-8"?>
<!-- Generated by org.testng.reporters.JUnitReportReporter -->
<testsuite hostname="hp" failures="0" tests="4" name="testng.DisablingTestCase" time="0.008" errors="0" timestamp="2023-03-29T21:42:20 IST" skipped="2">
  <testcase classname="testng.DisablingTestCase" name="tc3" time="0.001"/>
  <system-out/>
  <testcase classname="testng.DisablingTestCase" name="tc2" time="0.007"/>
  <system-out/>
  <testcase classname="testng.DisablingTestCase" name="tc4">
    <skipped/>
  </testcase> <!-- tc4 -->
  <system-out/>
  <testcase classname="testng.DisablingTestCase" name="tc1">
    <skipped/>
  </testcase> <!-- tc1 -->
  <system-out/>
</testsuite> <!-- testng.DisablingTestCase -->
