<?xml version="1.0" encoding="UTF-8"?>
<!-- Generated by org.testng.reporters.JUnitReportReporter -->
<testsuite hostname="hp" failures="0" tests="7" name="testng.InvocationCountTest" time="0.021" errors="0" timestamp="2023-03-29T12:14:16 IST" skipped="0">
  <testcase classname="testng.InvocationCountTest" name="tc4" time="0.002"/>
  <system-out/>
  <testcase classname="testng.InvocationCountTest" name="tc4" time="0.003"/>
  <system-out/>
  <testcase classname="testng.InvocationCountTest" name="tc1" time="0.001"/>
  <system-out/>
  <testcase classname="testng.InvocationCountTest" name="tc7" time="0.002"/>
  <system-out/>
  <testcase classname="testng.InvocationCountTest" name="tc1" time="0.009"/>
  <system-out/>
  <testcase classname="testng.InvocationCountTest" name="tc4" time="0.003"/>
  <system-out/>
  <testcase classname="testng.InvocationCountTest" name="tc1" time="0.001"/>
  <system-out/>
</testsuite> <!-- testng.InvocationCountTest -->
