<?xml version="1.0" encoding="UTF-8"?>
<!-- Generated by org.testng.reporters.JUnitReportReporter -->
<testsuite hostname="hp" failures="0" tests="2" name="groupExecution.Test1" time="0.006" errors="0" timestamp="2023-05-19T10:57:58 IST" skipped="0">
  <testcase classname="groupExecution.Test1" name="tc2" time="0.002"/>
  <system-out/>
  <testcase classname="groupExecution.Test1" name="tc1" time="0.004"/>
  <system-out/>
</testsuite> <!-- groupExecution.Test1 -->
